Compiled main.css  (0ms)  (pid 23517)
Compiled jquery.js  (3ms)  (pid 23517)
Compiled jquery-ui.js  (8ms)  (pid 23517)
Compiled jquery_ujs.js  (0ms)  (pid 23517)
Compiled active_admin/lib/namespace.js  (967ms)  (pid 23517)
Compiled active_admin/components/jquery.aa.checkbox-toggler.js  (246ms)  (pid 23517)
Compiled active_admin/components/jquery.aa.dropdown-menu.js  (258ms)  (pid 23517)
Compiled active_admin/components/jquery.aa.popover.js  (122ms)  (pid 23517)
Compiled active_admin/components/jquery.aa.table-checkbox-toggler.js  (102ms)  (pid 23517)
Compiled active_admin/pages/application.js  (75ms)  (pid 23517)
Compiled active_admin/pages/batch_actions.js  (78ms)  (pid 23517)
Compiled active_admin/application.js  (2828ms)  (pid 23517)
Compiled active_admin/base.js  (3255ms)  (pid 23517)
Compiled active_admin.js  (3325ms)  (pid 23517)
Compiled lightbox.js  (0ms)  (pid 23517)
Compiled main.js  (0ms)  (pid 23517)
Compiled masonry.js  (0ms)  (pid 23517)
Compiled paper.js  (2ms)  (pid 23517)
Compiled posts.js  (468ms)  (pid 23517)
Compiled selectjs.js  (1ms)  (pid 23517)
Compiled static_pages.js  (62ms)  (pid 23517)
Compiled jquery.ui.core.js  (0ms)  (pid 23517)
Compiled application.js  (1022ms)  (pid 23517)
Compiled active_admin.css  (2645ms)  (pid 23517)
Compiled ie.css  (1ms)  (pid 23517)
Compiled lightbox_styles.css  (0ms)  (pid 23517)
Compiled posts.css  (883ms)  (pid 23517)
Compiled print.css  (1ms)  (pid 23517)
Compiled screen.css  (137ms)  (pid 23517)
Compiled selectjs.css  (185ms)  (pid 23517)
Compiled application.css  (1284ms)  (pid 23517)
Compiled main.css  (0ms)  (pid 23572)
Compiled jquery.js  (1ms)  (pid 23572)
Compiled jquery-ui.js  (5ms)  (pid 23572)
Compiled jquery_ujs.js  (0ms)  (pid 23572)
Compiled active_admin/lib/namespace.js  (168ms)  (pid 23572)
Compiled active_admin/components/jquery.aa.checkbox-toggler.js  (121ms)  (pid 23572)
Compiled active_admin/components/jquery.aa.dropdown-menu.js  (129ms)  (pid 23572)
Compiled active_admin/components/jquery.aa.popover.js  (119ms)  (pid 23572)
Compiled active_admin/components/jquery.aa.table-checkbox-toggler.js  (104ms)  (pid 23572)
Compiled active_admin/pages/application.js  (70ms)  (pid 23572)
Compiled active_admin/pages/batch_actions.js  (75ms)  (pid 23572)
Compiled active_admin/application.js  (844ms)  (pid 23572)
Compiled active_admin/base.js  (938ms)  (pid 23572)
Compiled active_admin.js  (946ms)  (pid 23572)
Compiled lightbox.js  (0ms)  (pid 23572)
Compiled main.js  (0ms)  (pid 23572)
Compiled masonry.js  (0ms)  (pid 23572)
Compiled paper.js  (3ms)  (pid 23572)
Compiled posts.js  (69ms)  (pid 23572)
Compiled selectjs.js  (2ms)  (pid 23572)
Compiled static_pages.js  (67ms)  (pid 23572)
Compiled jquery.ui.core.js  (0ms)  (pid 23572)
Compiled application.js  (263ms)  (pid 23572)
Compiled active_admin.css  (1181ms)  (pid 23572)
Compiled ie.css  (1ms)  (pid 23572)
Compiled lightbox_styles.css  (0ms)  (pid 23572)
Compiled posts.css  (461ms)  (pid 23572)
Compiled print.css  (18ms)  (pid 23572)
Compiled screen.css  (37ms)  (pid 23572)
Compiled selectjs.css  (74ms)  (pid 23572)
Compiled application.css  (714ms)  (pid 23572)
Compiled main.css  (0ms)  (pid 23632)
Compiled jquery.js  (2ms)  (pid 23632)
Compiled jquery-ui.js  (7ms)  (pid 23632)
Compiled jquery_ujs.js  (0ms)  (pid 23632)
Compiled active_admin/lib/namespace.js  (219ms)  (pid 23632)
Compiled active_admin/components/jquery.aa.checkbox-toggler.js  (154ms)  (pid 23632)
Compiled active_admin/components/jquery.aa.dropdown-menu.js  (173ms)  (pid 23632)
Compiled active_admin/components/jquery.aa.popover.js  (133ms)  (pid 23632)
Compiled active_admin/components/jquery.aa.table-checkbox-toggler.js  (114ms)  (pid 23632)
Compiled active_admin/pages/application.js  (88ms)  (pid 23632)
Compiled active_admin/pages/batch_actions.js  (90ms)  (pid 23632)
Compiled active_admin/application.js  (1036ms)  (pid 23632)
Compiled active_admin/base.js  (1137ms)  (pid 23632)
Compiled active_admin.js  (1149ms)  (pid 23632)
Compiled lightbox.js  (0ms)  (pid 23632)
Compiled main.js  (0ms)  (pid 23632)
Compiled masonry.js  (0ms)  (pid 23632)
Compiled paper.js  (2ms)  (pid 23632)
Compiled posts.js  (70ms)  (pid 23632)
Compiled selectjs.js  (1ms)  (pid 23632)
Compiled static_pages.js  (65ms)  (pid 23632)
Compiled jquery.ui.core.js  (0ms)  (pid 23632)
Compiled application.js  (202ms)  (pid 23632)
Compiled active_admin.css  (1789ms)  (pid 23632)
Compiled ie.css  (1ms)  (pid 23632)
Compiled lightbox_styles.css  (0ms)  (pid 23632)
Compiled posts.css  (953ms)  (pid 23632)
Compiled print.css  (1ms)  (pid 23632)
Compiled screen.css  (101ms)  (pid 23632)
Compiled selectjs.css  (200ms)  (pid 23632)
Compiled application.css  (1287ms)  (pid 23632)
Compiled main.css  (0ms)  (pid 1105)
Compiled jquery.js  (2ms)  (pid 1105)
Compiled jquery-ui.js  (10ms)  (pid 1105)
Compiled jquery_ujs.js  (0ms)  (pid 1105)
Compiled active_admin/lib/namespace.js  (401ms)  (pid 1105)
Compiled active_admin/components/jquery.aa.checkbox-toggler.js  (110ms)  (pid 1105)
Compiled active_admin/components/jquery.aa.dropdown-menu.js  (143ms)  (pid 1105)
Compiled active_admin/components/jquery.aa.popover.js  (143ms)  (pid 1105)
Compiled active_admin/components/jquery.aa.table-checkbox-toggler.js  (93ms)  (pid 1105)
Compiled active_admin/pages/application.js  (85ms)  (pid 1105)
Compiled active_admin/pages/batch_actions.js  (93ms)  (pid 1105)
Compiled active_admin/application.js  (1215ms)  (pid 1105)
Compiled active_admin/base.js  (1320ms)  (pid 1105)
Compiled active_admin.js  (1393ms)  (pid 1105)
